Using pre-set license
Built from '2020.2/staging' branch; Version is '2020.2.7f1 (c53830e277f1) revision 12924976'; Using compiler version '192528614'; Build Type 'Release'
OS: 'Windows 10 Home; OS build 19042.867; Version 2009; 64bit' Language: 'en' Physical Memory: 16302 MB
BatchMode: 1, IsHumanControllingUs: 0, StartBugReporterOnCrash: 0, Is64bit: 1, IsPro: 0

 COMMAND LINE ARGUMENTS:
C:\Program Files\Unity\Hub\Editor\2020.2.7f1\Editor\Unity.exe
-adb2
-batchMode
-noUpm
-name
AssetImportWorker0
-projectPath
C:/Users/Game PC/Desktop/Unity Projects/GameDev
-logFile
Logs/AssetImportWorker0.log
-srvPort
56822
Successfully changed project path to: C:/Users/Game PC/Desktop/Unity Projects/GameDev
C:/Users/Game PC/Desktop/Unity Projects/GameDev
Using Asset Import Pipeline V2.
Refreshing native plugins compatible for Editor in 32.28 ms, found 1 plugins.
Preloading 0 native plugins for Editor in 0.00 ms.
Initialize engine version: 2020.2.7f1 (c53830e277f1)
[Subsystems] Discovering subsystems at path C:/Program Files/Unity/Hub/Editor/2020.2.7f1/Editor/Data/Resources/UnitySubsystems
[Subsystems] Discovering subsystems at path C:/Users/Game PC/Desktop/Unity Projects/GameDev/Assets
GfxDevice: creating device client; threaded=0
Direct3D:
    Version:  Direct3D 11.0 [level 11.1]
    Renderer: AMD Radeon RX 5600 XT (ID=0x731f)
    Vendor:   
    VRAM:     6104 MB
    Driver:   27.20.14527.2002
Initialize mono
Mono path[0] = 'C:/Program Files/Unity/Hub/Editor/2020.2.7f1/Editor/Data/Managed'
Mono path[1] = 'C:/Program Files/Unity/Hub/Editor/2020.2.7f1/Editor/Data/MonoBleedingEdge/lib/mono/unityjit'
Mono config path = 'C:/Program Files/Unity/Hub/Editor/2020.2.7f1/Editor/Data/MonoBleedingEdge/etc'
Using monoOptions --debugger-agent=transport=dt_socket,embedding=1,server=y,suspend=n,address=127.0.0.1:56744
Begin MonoManager ReloadAssembly
Registering precompiled unity dll's ...
Register platform support module: C:/Program Files/Unity/Hub/Editor/2020.2.7f1/Editor/Data/PlaybackEngines/WindowsStandaloneSupport/UnityEditor.WindowsStandalone.Extensions.dll
Registered in 0.001412 seconds.
Native extension for WindowsStandalone target not found
Refreshing native plugins compatible for Editor in 33.01 ms, found 1 plugins.
Preloading 0 native plugins for Editor in 0.00 ms.
Invoked RoslynAnalysisRunner static constructor.
RoslynAnalysisRunner will not be running.
RoslynAnalysisRunner has terminated.
Mono: successfully reloaded assembly
- Completed reload, in  0.855 seconds
Platform modules already initialized, skipping
Registering precompiled user dll's ...
Registered in 0.000717 seconds.
Begin MonoManager ReloadAssembly
Native extension for WindowsStandalone target not found
Refreshing native plugins compatible for Editor in 33.52 ms, found 1 plugins.
Preloading 0 native plugins for Editor in 0.00 ms.
Invoked RoslynAnalysisRunner static constructor.
RoslynAnalysisRunner will not be running.
RoslynAnalysisRunner has terminated.
Mono: successfully reloaded assembly
- Completed reload, in  0.813 seconds
Platform modules already initialized, skipping
========================================================================
Worker process is ready to serve import requests
Launched and connected shader compiler UnityShaderCompiler.exe after 0.03 seconds
Refreshing native plugins compatible for Editor in 0.35 ms, found 1 plugins.
Preloading 0 native plugins for Editor in 0.00 ms.
Unloading 1956 Unused Serialized files (Serialized files now loaded: 0)
System memory in use before: 89.7 MB.
System memory in use after: 89.7 MB.

Unloading 25 unused Assets to reduce memory usage. Loaded Objects now: 2398.
Total: 2.065400 ms (FindLiveObjects: 0.199200 ms CreateObjectMapping: 0.102300 ms MarkObjects: 1.659900 ms  DeleteObjects: 0.103000 ms)

========================================================================
Received Import Request.
  path: Assets/Animation/Animations/Player/Player_Climb.anim
  artifactKey: Guid(bb1597e4a86bb3f4288031ab8e7e70bd) Importer(815301076,1909f56bfc062723c751e8b465ee728b)
Start importing Assets/Animation/Animations/Player/Player_Climb.anim using Guid(bb1597e4a86bb3f4288031ab8e7e70bd) Importer(815301076,1909f56bfc062723c751e8b465ee728b)  -> (artifact id: '64f62e2dafc17c418737739adfb599f9') in 0.027815 seconds
  Import took 0.030334 seconds .

========================================================================
Received Import Request.
  Time since last request: 0.000165 seconds.
  path: Assets/Animation/Animations/Player/Player_Jump.anim
  artifactKey: Guid(5db98180066dfd0459eca4382e35485f) Importer(815301076,1909f56bfc062723c751e8b465ee728b)
Start importing Assets/Animation/Animations/Player/Player_Jump.anim using Guid(5db98180066dfd0459eca4382e35485f) Importer(815301076,1909f56bfc062723c751e8b465ee728b)  -> (artifact id: 'fb017099be05325e17a712219a11490a') in 0.006783 seconds
  Import took 0.009644 seconds .

========================================================================
Received Import Request.
  Time since last request: 0.000177 seconds.
  path: Assets/Animation/Animations/Player/Player_Jump2.anim
  artifactKey: Guid(86684fc6b7337b44ea8863753da2f47c) Importer(815301076,1909f56bfc062723c751e8b465ee728b)
Start importing Assets/Animation/Animations/Player/Player_Jump2.anim using Guid(86684fc6b7337b44ea8863753da2f47c) Importer(815301076,1909f56bfc062723c751e8b465ee728b)  -> (artifact id: '656262cb351dc1e42aaac84bc98e7ba5') in 0.006068 seconds
  Import took 0.008572 seconds .

========================================================================
Received Prepare
Registering precompiled user dll's ...
Registered in 0.000742 seconds.
Begin MonoManager ReloadAssembly
Native extension for WindowsStandalone target not found
Refreshing native plugins compatible for Editor in 0.37 ms, found 1 plugins.
Preloading 0 native plugins for Editor in 0.00 ms.
Invoked RoslynAnalysisRunner static constructor.
RoslynAnalysisRunner will not be running.
RoslynAnalysisRunner has terminated.
Mono: successfully reloaded assembly
- Completed reload, in  0.756 seconds
Platform modules already initialized, skipping
Refreshing native plugins compatible for Editor in 0.34 ms, found 1 plugins.
Preloading 0 native plugins for Editor in 0.00 ms.
Unloading 1949 Unused Serialized files (Serialized files now loaded: 0)
System memory in use before: 89.6 MB.
System memory in use after: 89.5 MB.

Unloading 13 unused Assets to reduce memory usage. Loaded Objects now: 2402.
Total: 1.788600 ms (FindLiveObjects: 0.173800 ms CreateObjectMapping: 0.065200 ms MarkObjects: 1.456600 ms  DeleteObjects: 0.092100 ms)

========================================================================
Received Prepare
Registering precompiled user dll's ...
Registered in 0.000751 seconds.
Begin MonoManager ReloadAssembly
Native extension for WindowsStandalone target not found
Refreshing native plugins compatible for Editor in 0.35 ms, found 1 plugins.
Preloading 0 native plugins for Editor in 0.00 ms.
Invoked RoslynAnalysisRunner static constructor.
RoslynAnalysisRunner will not be running.
RoslynAnalysisRunner has terminated.
Mono: successfully reloaded assembly
- Completed reload, in  0.745 seconds
Platform modules already initialized, skipping
Refreshing native plugins compatible for Editor in 0.34 ms, found 1 plugins.
Preloading 0 native plugins for Editor in 0.00 ms.
Unloading 1949 Unused Serialized files (Serialized files now loaded: 0)
System memory in use before: 89.6 MB.
System memory in use after: 89.6 MB.

Unloading 13 unused Assets to reduce memory usage. Loaded Objects now: 2406.
Total: 1.870300 ms (FindLiveObjects: 0.187800 ms CreateObjectMapping: 0.073300 ms MarkObjects: 1.513700 ms  DeleteObjects: 0.094500 ms)

========================================================================
Received Prepare
Registering precompiled user dll's ...
Registered in 0.000733 seconds.
Begin MonoManager ReloadAssembly
Native extension for WindowsStandalone target not found
Refreshing native plugins compatible for Editor in 0.34 ms, found 1 plugins.
Preloading 0 native plugins for Editor in 0.00 ms.
Invoked RoslynAnalysisRunner static constructor.
RoslynAnalysisRunner will not be running.
RoslynAnalysisRunner has terminated.
Mono: successfully reloaded assembly
- Completed reload, in  0.723 seconds
Platform modules already initialized, skipping
Refreshing native plugins compatible for Editor in 0.35 ms, found 1 plugins.
Preloading 0 native plugins for Editor in 0.00 ms.
Unloading 1949 Unused Serialized files (Serialized files now loaded: 0)
System memory in use before: 89.6 MB.
System memory in use after: 89.6 MB.

Unloading 13 unused Assets to reduce memory usage. Loaded Objects now: 2410.
Total: 1.834000 ms (FindLiveObjects: 0.240300 ms CreateObjectMapping: 0.094400 ms MarkObjects: 1.409900 ms  DeleteObjects: 0.088600 ms)

========================================================================
Received Prepare
Registering precompiled user dll's ...
Registered in 0.000757 seconds.
Begin MonoManager ReloadAssembly
Native extension for WindowsStandalone target not found
Refreshing native plugins compatible for Editor in 0.35 ms, found 1 plugins.
Preloading 0 native plugins for Editor in 0.00 ms.
Invoked RoslynAnalysisRunner static constructor.
RoslynAnalysisRunner will not be running.
RoslynAnalysisRunner has terminated.
Mono: successfully reloaded assembly
- Completed reload, in  0.738 seconds
Platform modules already initialized, skipping
Refreshing native plugins compatible for Editor in 0.34 ms, found 1 plugins.
Preloading 0 native plugins for Editor in 0.00 ms.
Unloading 1949 Unused Serialized files (Serialized files now loaded: 0)
System memory in use before: 89.6 MB.
System memory in use after: 89.6 MB.

Unloading 13 unused Assets to reduce memory usage. Loaded Objects now: 2414.
Total: 1.996300 ms (FindLiveObjects: 0.172500 ms CreateObjectMapping: 0.061900 ms MarkObjects: 1.662300 ms  DeleteObjects: 0.098700 ms)

========================================================================
Received Prepare
Registering precompiled user dll's ...
Registered in 0.000758 seconds.
Begin MonoManager ReloadAssembly
Native extension for WindowsStandalone target not found
Refreshing native plugins compatible for Editor in 0.34 ms, found 1 plugins.
Preloading 0 native plugins for Editor in 0.00 ms.
Invoked RoslynAnalysisRunner static constructor.
RoslynAnalysisRunner will not be running.
RoslynAnalysisRunner has terminated.
Mono: successfully reloaded assembly
- Completed reload, in  0.742 seconds
Platform modules already initialized, skipping
Refreshing native plugins compatible for Editor in 0.34 ms, found 1 plugins.
Preloading 0 native plugins for Editor in 0.00 ms.
Unloading 1949 Unused Serialized files (Serialized files now loaded: 0)
System memory in use before: 89.6 MB.
System memory in use after: 89.6 MB.

Unloading 13 unused Assets to reduce memory usage. Loaded Objects now: 2418.
Total: 1.725500 ms (FindLiveObjects: 0.190000 ms CreateObjectMapping: 0.068100 ms MarkObjects: 1.376200 ms  DeleteObjects: 0.090300 ms)

AssetImportWorkerClient::OnTransportError - code=2 error=End of file
